[    1377ms] [ERROR] Failed to load resource: the server responded with a status of 404 () @ https://www.cn111.net/_next/static/chunks/13yty8jrmwe0d.css:0
[    1378ms] [ERROR] Failed to load resource: the server responded with a status of 404 () @ https://www.cn111.net/_next/static/chunks/0ifay47mystt8.css:0
[    1510ms] [ERROR] Failed to load resource: the server responded with a status of 404 () @ https://www.cn111.net/assets/images/logo.webp:0
[    1882ms] [ERROR] Failed to load resource: the server responded with a status of 404 () @ https://www.cn111.net/_next/static/chunks/14hmvj6188lyf.js:0
[    2556ms] [INFO] Slow network is detected. See https://www.chromestatus.com/feature/5636954674692096 for more details. Fallback font will be used while loading: https://www.cn111.net/aivent/fonts/icofont/fonts/icofont.woff2 @ https://www.cn111.net/zh-CN:1372
[    2557ms] [INFO] Slow network is detected. See https://www.chromestatus.com/feature/5636954674692096 for more details. Fallback font will be used while loading: https://www.cn111.net/aivent/fonts/fontawesome4/fonts/fontawesome-webfont.woff2 @ https://www.cn111.net/zh-CN:1372
[    3568ms] [ERROR] Failed to load resource: the server responded with a status of 404 () @ https://www.cn111.net/_next/static/chunks/0_s9fcee-6z5l.js:0
[    3571ms] [ERROR] Failed to load resource: the server responded with a status of 404 () @ https://www.cn111.net/_next/static/chunks/0s_xen21.s_4c.js:0
[    3581ms] [ERROR] Failed to load resource: the server responded with a status of 404 () @ https://www.cn111.net/_next/static/chunks/08lfsu0bgj.-v.js:0
[    3582ms] [ERROR] Failed to load resource: the server responded with a status of 404 () @ https://www.cn111.net/_next/static/chunks/075w6w7wsmbv3.js:0
[    3582ms] [ERROR] Failed to load resource: the server responded with a status of 404 () @ https://www.cn111.net/_next/static/chunks/0_~__pg6xd~o8.js:0
[    3583ms] [ERROR] Failed to load resource: the server responded with a status of 404 () @ https://www.cn111.net/_next/static/chunks/0i_by4_bndl5t.js:0
[    3583ms] [ERROR] Failed to load resource: the server responded with a status of 404 () @ https://www.cn111.net/_next/static/chunks/08-uc49hwt0yj.js:0
[    3583ms] [ERROR] Failed to load resource: the server responded with a status of 404 () @ https://www.cn111.net/_next/static/chunks/0lkpyku~6sf3j.js:0
[    3583ms] [ERROR] Failed to load resource: the server responded with a status of 404 () @ https://www.cn111.net/_next/static/chunks/turbopack-0hqbdwwzvhnp6.js:0
[    4207ms] [ERROR] Failed to load resource: the server responded with a status of 404 () @ https://www.cn111.net/assets/images/logo.webp:0
[  483351ms] [ERROR] Failed to load resource: the server responded with a status of 404 () @ https://www.cn111.net/assets/images/logo.webp:0
[  483600ms] [ERROR] Failed to load resource: the server responded with a status of 404 () @ https://www.cn111.net/_next/static/chunks/0qev5cka7hwbj.css:0
[  483600ms] [ERROR] Failed to load resource: the server responded with a status of 404 () @ https://www.cn111.net/_next/static/chunks/0ifay47mystt8.css:0
[  483649ms] [ERROR] Failed to load resource: the server responded with a status of 404 () @ https://www.cn111.net/_next/static/chunks/14hmvj6188lyf.js:0
[  483923ms] [ERROR] Failed to load resource: the server responded with a status of 404 () @ https://www.cn111.net/_next/static/chunks/0_s9fcee-6z5l.js:0
[  483924ms] [ERROR] Failed to load resource: the server responded with a status of 404 () @ https://www.cn111.net/_next/static/chunks/075w6w7wsmbv3.js:0
[  484087ms] [ERROR] Failed to load resource: the server responded with a status of 404 () @ https://www.cn111.net/_next/static/chunks/0s_xen21.s_4c.js:0
[  484087ms] [ERROR] Failed to load resource: the server responded with a status of 404 () @ https://www.cn111.net/_next/static/chunks/0i_by4_bndl5t.js:0
[  484087ms] [ERROR] Failed to load resource: the server responded with a status of 404 () @ https://www.cn111.net/_next/static/chunks/0_~__pg6xd~o8.js:0
[  484090ms] [ERROR] Failed to load resource: the server responded with a status of 404 () @ https://www.cn111.net/_next/static/chunks/turbopack-0hqbdwwzvhnp6.js:0
[  484090ms] [ERROR] Failed to load resource: the server responded with a status of 404 () @ https://www.cn111.net/_next/static/chunks/08lfsu0bgj.-v.js:0
[  484090ms] [ERROR] Failed to load resource: the server responded with a status of 404 () @ https://www.cn111.net/_next/static/chunks/0lkpyku~6sf3j.js:0
[  484099ms] [ERROR] Failed to load resource: the server responded with a status of 404 () @ https://www.cn111.net/_next/static/chunks/08-uc49hwt0yj.js:0
[  484386ms] [ERROR] Failed to load resource: the server responded with a status of 404 () @ https://www.cn111.net/assets/images/logo.webp:0
[  489206ms] [ERROR] Failed to load resource: the server responded with a status of 404 () @ https://www.cn111.net/_next/static/chunks/0qev5cka7hwbj.css:0
[  489207ms] [ERROR] Failed to load resource: the server responded with a status of 404 () @ https://www.cn111.net/_next/static/chunks/0ifay47mystt8.css:0
[  489471ms] [ERROR] Failed to load resource: the server responded with a status of 404 () @ https://www.cn111.net/assets/images/logo.webp:0
[  489478ms] [ERROR] Failed to load resource: the server responded with a status of 404 () @ https://www.cn111.net/_next/static/chunks/14hmvj6188lyf.js:0
[  489788ms] [ERROR] Failed to load resource: the server responded with a status of 404 () @ https://www.cn111.net/_next/static/chunks/0_s9fcee-6z5l.js:0
[  489788ms] [ERROR] Failed to load resource: the server responded with a status of 404 () @ https://www.cn111.net/_next/static/chunks/0s_xen21.s_4c.js:0
[  489788ms] [ERROR] Failed to load resource: the server responded with a status of 404 () @ https://www.cn111.net/_next/static/chunks/0i_by4_bndl5t.js:0
[  489789ms] [ERROR] Failed to load resource: the server responded with a status of 404 () @ https://www.cn111.net/_next/static/chunks/0_~__pg6xd~o8.js:0
[  489790ms] [ERROR] Failed to load resource: the server responded with a status of 404 () @ https://www.cn111.net/_next/static/chunks/08-uc49hwt0yj.js:0
[  489790ms] [ERROR] Failed to load resource: the server responded with a status of 404 () @ https://www.cn111.net/_next/static/chunks/0lkpyku~6sf3j.js:0
[  489791ms] [ERROR] Failed to load resource: the server responded with a status of 404 () @ https://www.cn111.net/_next/static/chunks/turbopack-0hqbdwwzvhnp6.js:0
[  489791ms] [ERROR] Failed to load resource: the server responded with a status of 404 () @ https://www.cn111.net/_next/static/chunks/08lfsu0bgj.-v.js:0
[  489792ms] [ERROR] Failed to load resource: the server responded with a status of 404 () @ https://www.cn111.net/_next/static/chunks/0fil0tn7nv2t8.js:0
[  491895ms] [ERROR] Failed to load resource: the server responded with a status of 404 () @ https://www.cn111.net/assets/images/logo.webp:0
